# JRE version: OpenJDK Runtime Environment (17.0.8.1+1) (build 17.0.8.1+1-Ubuntu-0ubuntu122.04)
# Java VM: OpenJDK 64-Bit Server VM (17.0.8.1+1-Ubuntu-0ubuntu122.04, mixed mode, sharing, tiered, compressed oops, compressed class ptrs, g1 gc, linux-amd64)
GC Precious Log:
 CPUs: 2 total, 2 available
 Memory: 3911M
 Large Page Support: Disabled
 NUMA Support: Disabled
 Compressed Oops: Enabled (32-bit)
 Heap Region Size: 1M
 Heap Min Capacity: 8M
 Heap Initial Capacity: 62M
 Heap Max Capacity: 1G
 Pre-touch: Disabled
 Parallel Workers: 2
 Concurrent Workers: 1
 Concurrent Refinement Workers: 2
 Periodic GC: Disabled
Heap:
 garbage-first heap   total 95232K, used 59946K [0x00000000c0000000, 0x0000000100000000)
  region size 1024K, 11 young (11264K), 3 survivors (3072K)
 Metaspace       used 99273K, committed 99840K, reserved 1179648K
  class space    used 13307K, committed 13568K, reserved 1048576K
GC Heap History (20 events):
Event: 46.787 GC heap before
{Heap before GC invocations=12 (full 0):
 garbage-first heap   total 78848K, used 59327K [0x00000000c0000000, 0x0000000100000000)
  region size 1024K, 32 young (32768K), 4 survivors (4096K)
 Metaspace       used 42489K, committed 42816K, reserved 1114112K
  class space    used 5620K, committed 5760K, reserved 1048576K
}
Event: 46.839 GC heap after
{Heap after GC invocations=13 (full 0):
 garbage-first heap   total 78848K, used 33671K [0x00000000c0000000, 0x0000000100000000)
  region size 1024K, 4 young (4096K), 4 survivors (4096K)
 Metaspace       used 42489K, committed 42816K, reserved 1114112K
  class space    used 5620K, committed 5760K, reserved 1048576K
}
Event: 51.510 GC heap before
{Heap before GC invocations=13 (full 0):
 garbage-first heap   total 78848K, used 60295K [0x00000000c0000000, 0x0000000100000000)
  region size 1024K, 31 young (31744K), 4 survivors (4096K)
 Metaspace       used 47426K, committed 47808K, reserved 1114112K
  class space    used 6222K, committed 6400K, reserved 1048576K
}
Event: 51.585 GC heap after
{Heap after GC invocations=14 (full 0):
 garbage-first heap   total 78848K, used 35156K [0x00000000c0000000, 0x0000000100000000)
  region size 1024K, 4 young (4096K), 4 survivors (4096K)
 Metaspace       used 47426K, committed 47808K, reserved 1114112K
  class space    used 6222K, committed 6400K, reserved 1048576K
}
Event: 55.708 GC heap before
{Heap before GC invocations=14 (full 0):
 garbage-first heap   total 78848K, used 60756K [0x00000000c0000000, 0x0000000100000000)
  region size 1024K, 30 young (30720K), 4 survivors (4096K)
 Metaspace       used 53680K, committed 54080K, reserved 1114112K
  class space    used 6893K, committed 7040K, reserved 1048576K
}
Event: 55.795 GC heap after
{Heap after GC invocations=15 (full 0):
 garbage-first heap   total 78848K, used 37314K [0x00000000c0000000, 0x0000000100000000)
  region size 1024K, 4 young (4096K), 4 survivors (4096K)
 Metaspace       used 53680K, committed 54080K, reserved 1114112K
  class space    used 6893K, committed 7040K, reserved 1048576K
}
Event: 59.139 GC heap before
{Heap before GC invocations=15 (full 0):
 garbage-first heap   total 78848K, used 59842K [0x00000000c0000000, 0x0000000100000000)
  region size 1024K, 27 young (27648K), 4 survivors (4096K)
 Metaspace       used 60690K, committed 61056K, reserved 1114112K
  class space    used 7760K, committed 7936K, reserved 1048576K
}
Event: 59.249 GC heap after
{Heap after GC invocations=16 (full 0):
 garbage-first heap   total 95232K, used 38036K [0x00000000c0000000, 0x0000000100000000)
  region size 1024K, 1 young (1024K), 1 survivors (1024K)
 Metaspace       used 60690K, committed 61056K, reserved 1114112K
  class space    used 7760K, committed 7936K, reserved 1048576K
}
Event: 722.131 GC heap before
{Heap before GC invocations=17 (full 0):
 garbage-first heap   total 95232K, used 75924K [0x00000000c0000000, 0x0000000100000000)
  region size 1024K, 38 young (38912K), 1 survivors (1024K)
 Metaspace       used 66426K, committed 66816K, reserved 1114112K
  class space    used 8463K, committed 8640K, reserved 1048576K
}
Event: 722.192 GC heap after
{Heap after GC invocations=18 (full 0):
 garbage-first heap   total 95232K, used 39669K [0x00000000c0000000, 0x0000000100000000)
  region size 1024K, 3 young (3072K), 3 survivors (3072K)
 Metaspace       used 66426K, committed 66816K, reserved 1114112K
  class space    used 8463K, committed 8640K, reserved 1048576K
}
Event: 729.283 GC heap before
{Heap before GC invocations=18 (full 0):
 garbage-first heap   total 95232K, used 74485K [0x00000000c0000000, 0x0000000100000000)
  region size 1024K, 37 young (37888K), 3 survivors (3072K)
 Metaspace       used 75795K, committed 76224K, reserved 1179648K
  class space    used 9860K, committed 10048K, reserved 1048576K
}
Event: 729.373 GC heap after
{Heap after GC invocations=19 (full 0):
 garbage-first heap   total 95232K, used 42371K [0x00000000c0000000, 0x0000000100000000)
  region size 1024K, 5 young (5120K), 5 survivors (5120K)
 Metaspace       used 75795K, committed 76224K, reserved 1179648K
  class space    used 9860K, committed 10048K, reserved 1048576K
}
Event: 736.268 GC heap before
{Heap before GC invocations=19 (full 0):
 garbage-first heap   total 95232K, used 74115K [0x00000000c0000000, 0x0000000100000000)
  region size 1024K, 37 young (37888K), 5 survivors (5120K)
 Metaspace       used 84472K, committed 84928K, reserved 1179648K
  class space    used 10981K, committed 11200K, reserved 1048576K
}
Event: 736.339 GC heap after
{Heap after GC invocations=20 (full 0):
 garbage-first heap   total 95232K, used 44209K [0x00000000c0000000, 0x0000000100000000)
  region size 1024K, 2 young (2048K), 2 survivors (2048K)
 Metaspace       used 84472K, committed 84928K, reserved 1179648K
  class space    used 10981K, committed 11200K, reserved 1048576K
}
Event: 743.666 GC heap before
{Heap before GC invocations=20 (full 0):
 garbage-first heap   total 95232K, used 75953K [0x00000000c0000000, 0x0000000100000000)
  region size 1024K, 33 young (33792K), 2 survivors (2048K)
 Metaspace       used 92309K, committed 92800K, reserved 1179648K
  class space    used 12260K, committed 12480K, reserved 1048576K
}
Event: 743.777 GC heap after
{Heap after GC invocations=21 (full 0):
 garbage-first heap   total 95232K, used 45030K [0x00000000c0000000, 0x0000000100000000)
  region size 1024K, 3 young (3072K), 3 survivors (3072K)
 Metaspace       used 92309K, committed 92800K, reserved 1179648K
  class space    used 12260K, committed 12480K, reserved 1048576K
}
Event: 752.350 GC heap before
{Heap before GC invocations=22 (full 0):
 garbage-first heap   total 95232K, used 75750K [0x00000000c0000000, 0x0000000100000000)
  region size 1024K, 34 young (34816K), 3 survivors (3072K)
 Metaspace       used 97881K, committed 98432K, reserved 1179648K
  class space    used 13063K, committed 13312K, reserved 1048576K
}
Event: 752.413 GC heap after
{Heap after GC invocations=23 (full 0):
 garbage-first heap   total 95232K, used 47130K [0x00000000c0000000, 0x0000000100000000)
  region size 1024K, 4 young (4096K), 4 survivors (4096K)
 Metaspace       used 97881K, committed 98432K, reserved 1179648K
  class space    used 13063K, committed 13312K, reserved 1048576K
}
Event: 752.609 GC heap before
{Heap before GC invocations=23 (full 0):
 garbage-first heap   total 95232K, used 47130K [0x00000000c0000000, 0x0000000100000000)
  region size 1024K, 5 young (5120K), 4 survivors (4096K)
 Metaspace       used 97990K, committed 98496K, reserved 1179648K
  class space    used 13085K, committed 13312K, reserved 1048576K
}
Event: 752.646 GC heap after
{Heap after GC invocations=24 (full 0):
 garbage-first heap   total 95232K, used 47658K [0x00000000c0000000, 0x0000000100000000)
  region size 1024K, 3 young (3072K), 3 survivors (3072K)
 Metaspace       used 97990K, committed 98496K, reserved 1179648K
  class space    used 13085K, committed 13312K, reserved 1048576K
}

